<?xml version="1.0" encoding="UTF-8"?>
<!-- Generated by org.testng.reporters.JUnitReportReporter -->
<testsuite hostname="LAPTOP-0HN71S7B" failures="0" tests="1" name="com.pages.TestNG_Executor" time="61.382" errors="0" timestamp="2023-08-28T16:15:56 IST" skipped="0">
  <testcase classname="com.pages.TestNG_Executor" name="f" time="61.382"/>
  <system-out/>
</testsuite> <!-- com.pages.TestNG_Executor -->
